2026-04-21 04:06:12,099 - data.fetcher - INFO - Fetching data for AAPL from 2020-01-01 to 2026-04-21
2026-04-21 04:06:13,724 - data.fetcher - INFO - Successfully fetched 1582 rows of data.
2026-04-21 04:06:13,732 - data.fetcher - INFO - Saved raw data to /Users/amitkumar/Downloads/ai-trading-platform/data/saved_data/AAPL_raw.csv
2026-04-21 04:20:54,810 - data.fetcher - INFO - Fetching data for AAPL from 2020-01-01 to 2026-04-21
2026-04-21 04:20:54,970 - data.fetcher - WARNING - No data fetched for AAPL.
2026-04-21 04:21:38,451 - data.fetcher - INFO - Fetching data for AAPL from 2020-01-01 to 2026-04-21
2026-04-21 04:21:39,625 - data.fetcher - INFO - Successfully fetched 1582 rows of data.
2026-04-21 04:21:39,633 - data.fetcher - INFO - Saved raw data to /Users/amitkumar/Downloads/ai-trading-platform/data/saved_data/AAPL_raw.csv
2026-04-21 04:34:28,088 - data.fetcher - INFO - Fetching data for AAPL from 2020-01-01 to 2026-04-21
2026-04-21 04:34:28,088 - data.fetcher - INFO - Fetching data for TSLA from 2020-01-01 to 2026-04-21
2026-04-21 04:34:28,089 - data.fetcher - INFO - Fetching data for GOOGL from 2020-01-01 to 2026-04-21
2026-04-21 04:34:28,089 - data.fetcher - INFO - Fetching data for MSFT from 2020-01-01 to 2026-04-21
2026-04-21 04:34:28,089 - data.fetcher - INFO - Fetching data for NVDA from 2020-01-01 to 2026-04-21
2026-04-21 04:34:28,090 - data.fetcher - INFO - Fetching data for AMZN from 2020-01-01 to 2026-04-21
2026-04-21 04:34:29,296 - data.fetcher - INFO - Successfully fetched 1582 rows of data.
2026-04-21 04:34:29,306 - data.fetcher - INFO - Saved raw data to /Users/amitkumar/Downloads/ai-trading-platform/data/saved_data/AAPL_raw.csv
2026-04-21 04:34:29,845 - data.fetcher - INFO - Successfully fetched 1582 rows of data.
2026-04-21 04:34:29,855 - data.fetcher - INFO - Saved raw data to /Users/amitkumar/Downloads/ai-trading-platform/data/saved_data/TSLA_raw.csv
2026-04-21 04:34:30,370 - data.fetcher - INFO - Successfully fetched 1582 rows of data.
2026-04-21 04:34:30,379 - data.fetcher - INFO - Saved raw data to /Users/amitkumar/Downloads/ai-trading-platform/data/saved_data/GOOGL_raw.csv
2026-04-21 04:34:31,708 - data.fetcher - INFO - Successfully fetched 1582 rows of data.
2026-04-21 04:34:31,716 - data.fetcher - INFO - Saved raw data to /Users/amitkumar/Downloads/ai-trading-platform/data/saved_data/MSFT_raw.csv
2026-04-21 04:34:32,794 - data.fetcher - INFO - Successfully fetched 1582 rows of data.
2026-04-21 04:34:32,810 - data.fetcher - INFO - Saved raw data to /Users/amitkumar/Downloads/ai-trading-platform/data/saved_data/NVDA_raw.csv
2026-04-21 04:34:33,950 - data.fetcher - INFO - Successfully fetched 1582 rows of data.
2026-04-21 04:34:33,961 - data.fetcher - INFO - Saved raw data to /Users/amitkumar/Downloads/ai-trading-platform/data/saved_data/AMZN_raw.csv
2026-04-21 04:38:44,148 - data.fetcher - INFO - Fetching data for AAPL from 2020-01-01 to 2026-04-21
2026-04-21 04:38:45,121 - data.fetcher - INFO - Successfully fetched 1582 rows of data.
2026-04-21 04:38:45,128 - data.fetcher - INFO - Saved raw data to /Users/amitkumar/Downloads/ai-trading-platform/data/saved_data/AAPL_raw.csv
2026-04-21 04:39:09,181 - data.fetcher - INFO - Fetching data for TSLA from 2020-01-01 to 2026-04-21
2026-04-21 04:39:09,750 - data.fetcher - INFO - Successfully fetched 1582 rows of data.
2026-04-21 04:39:09,755 - data.fetcher - INFO - Saved raw data to /Users/amitkumar/Downloads/ai-trading-platform/data/saved_data/TSLA_raw.csv
2026-04-21 04:39:32,876 - data.fetcher - INFO - Fetching data for GOOGL from 2020-01-01 to 2026-04-21
2026-04-21 04:39:33,354 - data.fetcher - INFO - Successfully fetched 1582 rows of data.
2026-04-21 04:39:33,363 - data.fetcher - INFO - Saved raw data to /Users/amitkumar/Downloads/ai-trading-platform/data/saved_data/GOOGL_raw.csv
2026-04-21 04:39:55,644 - data.fetcher - INFO - Fetching data for MSFT from 2020-01-01 to 2026-04-21
2026-04-21 04:39:56,017 - data.fetcher - INFO - Successfully fetched 1582 rows of data.
2026-04-21 04:39:56,024 - data.fetcher - INFO - Saved raw data to /Users/amitkumar/Downloads/ai-trading-platform/data/saved_data/MSFT_raw.csv
2026-04-21 04:49:42,904 - data.fetcher - INFO - Fetching data for AAPL from 2020-01-01 to 2026-04-21
2026-04-21 04:49:44,039 - data.fetcher - INFO - Successfully fetched 1582 rows of data.
2026-04-21 04:49:44,046 - data.fetcher - INFO - Saved raw data to /Users/amitkumar/Downloads/ai-trading-platform/data/saved_data/AAPL_raw.csv
2026-04-21 04:50:08,120 - data.fetcher - INFO - Fetching data for TSLA from 2020-01-01 to 2026-04-21
2026-04-21 04:50:08,755 - data.fetcher - INFO - Successfully fetched 1582 rows of data.
2026-04-21 04:50:08,760 - data.fetcher - INFO - Saved raw data to /Users/amitkumar/Downloads/ai-trading-platform/data/saved_data/TSLA_raw.csv
2026-04-21 04:50:32,845 - data.fetcher - INFO - Fetching data for GOOGL from 2020-01-01 to 2026-04-21
2026-04-21 04:50:33,340 - data.fetcher - INFO - Successfully fetched 1582 rows of data.
2026-04-21 04:50:33,350 - data.fetcher - INFO - Saved raw data to /Users/amitkumar/Downloads/ai-trading-platform/data/saved_data/GOOGL_raw.csv
2026-04-21 04:51:00,242 - data.fetcher - INFO - Fetching data for MSFT from 2020-01-01 to 2026-04-21
2026-04-21 04:51:00,706 - data.fetcher - INFO - Successfully fetched 1582 rows of data.
2026-04-21 04:51:00,715 - data.fetcher - INFO - Saved raw data to /Users/amitkumar/Downloads/ai-trading-platform/data/saved_data/MSFT_raw.csv
2026-04-21 04:51:24,662 - data.fetcher - INFO - Fetching data for NVDA from 2020-01-01 to 2026-04-21
2026-04-21 04:51:25,181 - data.fetcher - INFO - Successfully fetched 1582 rows of data.
2026-04-21 04:51:25,189 - data.fetcher - INFO - Saved raw data to /Users/amitkumar/Downloads/ai-trading-platform/data/saved_data/NVDA_raw.csv
2026-04-21 04:51:51,035 - data.fetcher - INFO - Fetching data for AMZN from 2020-01-01 to 2026-04-21
2026-04-21 04:51:51,614 - data.fetcher - INFO - Successfully fetched 1582 rows of data.
2026-04-21 04:51:51,623 - data.fetcher - INFO - Saved raw data to /Users/amitkumar/Downloads/ai-trading-platform/data/saved_data/AMZN_raw.csv
