2026-04-21 04:06:13,732 - data.processing - INFO - Adding technical indicators...
2026-04-21 04:06:13,919 - data.processing - INFO - Successfully added technical indicators. Total columns: 94
2026-04-21 04:06:14,021 - data.processing - INFO - Saved processed data to /Users/amitkumar/Downloads/ai-trading-platform/data/saved_data/AAPL_processed.csv
2026-04-21 04:21:39,633 - data.processing - INFO - Adding technical indicators...
2026-04-21 04:21:39,813 - data.processing - INFO - Successfully added technical indicators. Total columns: 94
2026-04-21 04:21:39,905 - data.processing - INFO - Saved processed data to /Users/amitkumar/Downloads/ai-trading-platform/data/saved_data/AAPL_processed.csv
2026-04-21 04:34:29,307 - data.processing - INFO - Adding technical indicators...
2026-04-21 04:34:29,515 - data.processing - INFO - Successfully added technical indicators. Total columns: 94
2026-04-21 04:34:29,609 - data.processing - INFO - Saved processed data to /Users/amitkumar/Downloads/ai-trading-platform/data/saved_data/AAPL_processed.csv
2026-04-21 04:34:29,855 - data.processing - INFO - Adding technical indicators...
2026-04-21 04:34:30,037 - data.processing - INFO - Successfully added technical indicators. Total columns: 94
2026-04-21 04:34:30,138 - data.processing - INFO - Saved processed data to /Users/amitkumar/Downloads/ai-trading-platform/data/saved_data/TSLA_processed.csv
2026-04-21 04:34:30,379 - data.processing - INFO - Adding technical indicators...
2026-04-21 04:34:30,568 - data.processing - INFO - Successfully added technical indicators. Total columns: 94
2026-04-21 04:34:30,887 - data.processing - INFO - Saved processed data to /Users/amitkumar/Downloads/ai-trading-platform/data/saved_data/GOOGL_processed.csv
2026-04-21 04:34:31,716 - data.processing - INFO - Adding technical indicators...
2026-04-21 04:34:32,116 - data.processing - INFO - Successfully added technical indicators. Total columns: 94
2026-04-21 04:34:32,810 - data.processing - INFO - Adding technical indicators...
2026-04-21 04:34:33,352 - data.processing - INFO - Successfully added technical indicators. Total columns: 94
2026-04-21 04:34:33,879 - data.processing - INFO - Saved processed data to /Users/amitkumar/Downloads/ai-trading-platform/data/saved_data/MSFT_processed.csv
2026-04-21 04:34:33,962 - data.processing - INFO - Adding technical indicators...
2026-04-21 04:34:34,053 - data.processing - INFO - Saved processed data to /Users/amitkumar/Downloads/ai-trading-platform/data/saved_data/NVDA_processed.csv
2026-04-21 04:34:34,205 - data.processing - INFO - Successfully added technical indicators. Total columns: 94
2026-04-21 04:34:34,331 - data.processing - INFO - Saved processed data to /Users/amitkumar/Downloads/ai-trading-platform/data/saved_data/AMZN_processed.csv
2026-04-21 04:38:45,128 - data.processing - INFO - Adding technical indicators...
2026-04-21 04:38:45,305 - data.processing - INFO - Successfully added technical indicators. Total columns: 94
2026-04-21 04:38:45,396 - data.processing - INFO - Saved processed data to /Users/amitkumar/Downloads/ai-trading-platform/data/saved_data/AAPL_processed.csv
2026-04-21 04:39:09,755 - data.processing - INFO - Adding technical indicators...
2026-04-21 04:39:09,929 - data.processing - INFO - Successfully added technical indicators. Total columns: 94
2026-04-21 04:39:10,018 - data.processing - INFO - Saved processed data to /Users/amitkumar/Downloads/ai-trading-platform/data/saved_data/TSLA_processed.csv
2026-04-21 04:39:33,363 - data.processing - INFO - Adding technical indicators...
2026-04-21 04:39:33,538 - data.processing - INFO - Successfully added technical indicators. Total columns: 94
2026-04-21 04:39:33,629 - data.processing - INFO - Saved processed data to /Users/amitkumar/Downloads/ai-trading-platform/data/saved_data/GOOGL_processed.csv
2026-04-21 04:39:56,024 - data.processing - INFO - Adding technical indicators...
2026-04-21 04:39:56,219 - data.processing - INFO - Successfully added technical indicators. Total columns: 94
2026-04-21 04:39:56,314 - data.processing - INFO - Saved processed data to /Users/amitkumar/Downloads/ai-trading-platform/data/saved_data/MSFT_processed.csv
2026-04-21 04:49:44,047 - data.processing - INFO - Adding technical indicators...
2026-04-21 04:49:44,222 - data.processing - INFO - Successfully added technical indicators. Total columns: 94
2026-04-21 04:49:44,315 - data.processing - INFO - Saved processed data to /Users/amitkumar/Downloads/ai-trading-platform/data/saved_data/AAPL_processed.csv
2026-04-21 04:50:08,761 - data.processing - INFO - Adding technical indicators...
2026-04-21 04:50:08,937 - data.processing - INFO - Successfully added technical indicators. Total columns: 94
2026-04-21 04:50:09,031 - data.processing - INFO - Saved processed data to /Users/amitkumar/Downloads/ai-trading-platform/data/saved_data/TSLA_processed.csv
2026-04-21 04:50:33,350 - data.processing - INFO - Adding technical indicators...
2026-04-21 04:50:33,526 - data.processing - INFO - Successfully added technical indicators. Total columns: 94
2026-04-21 04:50:33,616 - data.processing - INFO - Saved processed data to /Users/amitkumar/Downloads/ai-trading-platform/data/saved_data/GOOGL_processed.csv
2026-04-21 04:51:00,715 - data.processing - INFO - Adding technical indicators...
2026-04-21 04:51:00,914 - data.processing - INFO - Successfully added technical indicators. Total columns: 94
2026-04-21 04:51:01,012 - data.processing - INFO - Saved processed data to /Users/amitkumar/Downloads/ai-trading-platform/data/saved_data/MSFT_processed.csv
2026-04-21 04:51:25,189 - data.processing - INFO - Adding technical indicators...
2026-04-21 04:51:25,445 - data.processing - INFO - Successfully added technical indicators. Total columns: 94
2026-04-21 04:51:25,546 - data.processing - INFO - Saved processed data to /Users/amitkumar/Downloads/ai-trading-platform/data/saved_data/NVDA_processed.csv
2026-04-21 04:51:51,624 - data.processing - INFO - Adding technical indicators...
2026-04-21 04:51:51,843 - data.processing - INFO - Successfully added technical indicators. Total columns: 94
2026-04-21 04:51:51,936 - data.processing - INFO - Saved processed data to /Users/amitkumar/Downloads/ai-trading-platform/data/saved_data/AMZN_processed.csv
