2026-04-21 04:06:12,099 - main - INFO - Starting AI Trading Pipeline for AAPL using lstm model.
2026-04-21 04:07:20,224 - main - INFO - Saved final signals to /Users/amitkumar/Downloads/ai-trading-platform/data/saved_data/AAPL_final_signals.csv
2026-04-21 04:07:22,830 - main - INFO - Pipeline execution completed.
2026-04-21 04:20:54,810 - main - INFO - Starting AI Trading Pipeline for AAPL using lstm model.
2026-04-21 04:20:54,970 - main - ERROR - No data fetched. Exiting.
2026-04-21 04:21:38,451 - main - INFO - Starting AI Trading Pipeline for AAPL using lstm model.
2026-04-21 04:22:04,435 - main - INFO - Saved final signals to /Users/amitkumar/Downloads/ai-trading-platform/data/saved_data/AAPL_final_signals.csv
2026-04-21 04:22:04,463 - main - INFO - Pipeline execution completed.
2026-04-21 04:34:28,088 - main - INFO - Starting Multi-Asset Pipeline for: ['AAPL', 'TSLA', 'GOOGL', 'MSFT', 'NVDA', 'AMZN']
2026-04-21 04:34:28,088 - main - INFO - Starting AI Trading Pipeline for AAPL using lstm model.
2026-04-21 04:34:28,088 - main - INFO - Starting AI Trading Pipeline for TSLA using lstm model.
2026-04-21 04:34:28,088 - main - INFO - Starting AI Trading Pipeline for GOOGL using lstm model.
2026-04-21 04:34:28,088 - main - INFO - Starting AI Trading Pipeline for MSFT using lstm model.
2026-04-21 04:34:28,089 - main - INFO - Starting AI Trading Pipeline for NVDA using lstm model.
2026-04-21 04:34:28,090 - main - INFO - Starting AI Trading Pipeline for AMZN using lstm model.
2026-04-21 04:38:44,147 - main - INFO - Starting Multi-Asset Pipeline for: ['AAPL', 'TSLA', 'GOOGL', 'MSFT']
2026-04-21 04:38:44,148 - main - INFO - --- Processing AAPL ---
2026-04-21 04:38:44,148 - main - INFO - Starting AI Trading Pipeline for AAPL using lstm model.
2026-04-21 04:39:09,150 - main - INFO - Saved final signals to /Users/amitkumar/Downloads/ai-trading-platform/data/saved_data/AAPL_final_signals.csv
2026-04-21 04:39:09,175 - main - INFO - Pipeline execution completed for AAPL.
2026-04-21 04:39:09,181 - main - INFO - --- Processing TSLA ---
2026-04-21 04:39:09,181 - main - INFO - Starting AI Trading Pipeline for TSLA using lstm model.
2026-04-21 04:39:32,839 - main - INFO - Saved final signals to /Users/amitkumar/Downloads/ai-trading-platform/data/saved_data/TSLA_final_signals.csv
2026-04-21 04:39:32,871 - main - INFO - Pipeline execution completed for TSLA.
2026-04-21 04:39:32,876 - main - INFO - --- Processing GOOGL ---
2026-04-21 04:39:32,876 - main - INFO - Starting AI Trading Pipeline for GOOGL using lstm model.
2026-04-21 04:39:55,610 - main - INFO - Saved final signals to /Users/amitkumar/Downloads/ai-trading-platform/data/saved_data/GOOGL_final_signals.csv
2026-04-21 04:39:55,636 - main - INFO - Pipeline execution completed for GOOGL.
2026-04-21 04:39:55,644 - main - INFO - --- Processing MSFT ---
2026-04-21 04:39:55,644 - main - INFO - Starting AI Trading Pipeline for MSFT using lstm model.
2026-04-21 04:40:19,800 - main - INFO - Saved final signals to /Users/amitkumar/Downloads/ai-trading-platform/data/saved_data/MSFT_final_signals.csv
2026-04-21 04:40:19,825 - main - INFO - Pipeline execution completed for MSFT.
2026-04-21 04:40:19,834 - main - INFO - Saved portfolio summary to /Users/amitkumar/Downloads/ai-trading-platform/data/saved_data/portfolio_summary.csv
2026-04-21 04:49:42,903 - main - INFO - Starting Multi-Asset Pipeline for: ['AAPL', 'TSLA', 'GOOGL', 'MSFT', 'NVDA', 'AMZN']
2026-04-21 04:49:42,903 - main - INFO - --- Processing AAPL ---
2026-04-21 04:49:42,903 - main - INFO - Starting AI Trading Pipeline for AAPL using lstm model.
2026-04-21 04:50:08,087 - main - INFO - Saved final signals to /Users/amitkumar/Downloads/ai-trading-platform/data/saved_data/AAPL_final_signals.csv
2026-04-21 04:50:08,113 - main - INFO - Pipeline execution completed for AAPL.
2026-04-21 04:50:08,120 - main - INFO - --- Processing TSLA ---
2026-04-21 04:50:08,120 - main - INFO - Starting AI Trading Pipeline for TSLA using lstm model.
2026-04-21 04:50:32,812 - main - INFO - Saved final signals to /Users/amitkumar/Downloads/ai-trading-platform/data/saved_data/TSLA_final_signals.csv
2026-04-21 04:50:32,834 - main - INFO - Pipeline execution completed for TSLA.
2026-04-21 04:50:32,843 - main - INFO - --- Processing GOOGL ---
2026-04-21 04:50:32,845 - main - INFO - Starting AI Trading Pipeline for GOOGL using lstm model.
2026-04-21 04:51:00,211 - main - INFO - Saved final signals to /Users/amitkumar/Downloads/ai-trading-platform/data/saved_data/GOOGL_final_signals.csv
2026-04-21 04:51:00,235 - main - INFO - Pipeline execution completed for GOOGL.
2026-04-21 04:51:00,242 - main - INFO - --- Processing MSFT ---
2026-04-21 04:51:00,242 - main - INFO - Starting AI Trading Pipeline for MSFT using lstm model.
2026-04-21 04:51:24,628 - main - INFO - Saved final signals to /Users/amitkumar/Downloads/ai-trading-platform/data/saved_data/MSFT_final_signals.csv
2026-04-21 04:51:24,654 - main - INFO - Pipeline execution completed for MSFT.
2026-04-21 04:51:24,662 - main - INFO - --- Processing NVDA ---
2026-04-21 04:51:24,662 - main - INFO - Starting AI Trading Pipeline for NVDA using lstm model.
2026-04-21 04:51:50,995 - main - INFO - Saved final signals to /Users/amitkumar/Downloads/ai-trading-platform/data/saved_data/NVDA_final_signals.csv
2026-04-21 04:51:51,023 - main - INFO - Pipeline execution completed for NVDA.
2026-04-21 04:51:51,035 - main - INFO - --- Processing AMZN ---
2026-04-21 04:51:51,035 - main - INFO - Starting AI Trading Pipeline for AMZN using lstm model.
2026-04-21 04:52:17,537 - main - INFO - Saved final signals to /Users/amitkumar/Downloads/ai-trading-platform/data/saved_data/AMZN_final_signals.csv
2026-04-21 04:52:17,567 - main - INFO - Pipeline execution completed for AMZN.
2026-04-21 04:52:17,586 - main - INFO - Saved portfolio summary to /Users/amitkumar/Downloads/ai-trading-platform/data/saved_data/portfolio_summary.csv
