2026-04-21 04:07:07,753 - models.lstm - INFO - Preparing data for LSTM...
2026-04-21 04:07:07,846 - models.lstm - INFO - Data shapes: X_train=(151, 60, 95), y_train=(151,)
2026-04-21 04:07:08,410 - models.lstm - INFO - Starting LSTM training...
2026-04-21 04:07:19,477 - models.lstm - INFO - LSTM training completed.
2026-04-21 04:07:19,562 - models.lstm - INFO - Saved LSTM model to /Users/amitkumar/Downloads/ai-trading-platform/models/saved_models/lstm_model.keras
2026-04-21 04:21:54,375 - models.lstm - INFO - Preparing data for LSTM...
2026-04-21 04:21:54,388 - models.lstm - INFO - Data shapes: X_train=(151, 60, 95), y_train=(151,)
2026-04-21 04:21:54,528 - models.lstm - INFO - Starting LSTM training...
2026-04-21 04:22:03,877 - models.lstm - INFO - LSTM training completed.
2026-04-21 04:22:03,993 - models.lstm - INFO - Saved LSTM model to /Users/amitkumar/Downloads/ai-trading-platform/models/saved_models/lstm_model.keras
2026-04-21 04:38:59,656 - models.lstm - INFO - Preparing data for LSTM...
2026-04-21 04:38:59,664 - models.lstm - INFO - Data shapes: X_train=(151, 60, 95), y_train=(151,)
2026-04-21 04:38:59,822 - models.lstm - INFO - Starting LSTM training...
2026-04-21 04:39:08,742 - models.lstm - INFO - LSTM training completed.
2026-04-21 04:39:08,800 - models.lstm - INFO - Saved LSTM model to /Users/amitkumar/Downloads/ai-trading-platform/models/saved_models/lstm_model.keras
2026-04-21 04:39:22,736 - models.lstm - INFO - Preparing data for LSTM...
2026-04-21 04:39:22,745 - models.lstm - INFO - Data shapes: X_train=(151, 60, 95), y_train=(151,)
2026-04-21 04:39:22,799 - models.lstm - INFO - Starting LSTM training...
2026-04-21 04:39:32,436 - models.lstm - INFO - LSTM training completed.
2026-04-21 04:39:32,485 - models.lstm - INFO - Saved LSTM model to /Users/amitkumar/Downloads/ai-trading-platform/models/saved_models/lstm_model.keras
2026-04-21 04:39:46,760 - models.lstm - INFO - Preparing data for LSTM...
2026-04-21 04:39:46,769 - models.lstm - INFO - Data shapes: X_train=(151, 60, 95), y_train=(151,)
2026-04-21 04:39:46,817 - models.lstm - INFO - Starting LSTM training...
2026-04-21 04:39:55,225 - models.lstm - INFO - LSTM training completed.
2026-04-21 04:39:55,265 - models.lstm - INFO - Saved LSTM model to /Users/amitkumar/Downloads/ai-trading-platform/models/saved_models/lstm_model.keras
2026-04-21 04:40:10,501 - models.lstm - INFO - Preparing data for LSTM...
2026-04-21 04:40:10,515 - models.lstm - INFO - Data shapes: X_train=(151, 60, 95), y_train=(151,)
2026-04-21 04:40:10,680 - models.lstm - INFO - Starting LSTM training...
2026-04-21 04:40:19,385 - models.lstm - INFO - LSTM training completed.
2026-04-21 04:40:19,438 - models.lstm - INFO - Saved LSTM model to /Users/amitkumar/Downloads/ai-trading-platform/models/saved_models/lstm_model.keras
2026-04-21 04:49:59,007 - models.lstm - INFO - Preparing data for LSTM...
2026-04-21 04:49:59,018 - models.lstm - INFO - Data shapes: X_train=(151, 60, 95), y_train=(151,)
2026-04-21 04:49:59,204 - models.lstm - INFO - Starting LSTM training...
2026-04-21 04:50:07,684 - models.lstm - INFO - LSTM training completed.
2026-04-21 04:50:07,729 - models.lstm - INFO - Saved LSTM model to /Users/amitkumar/Downloads/ai-trading-platform/models/saved_models/lstm_model.keras
2026-04-21 04:50:23,509 - models.lstm - INFO - Preparing data for LSTM...
2026-04-21 04:50:23,516 - models.lstm - INFO - Data shapes: X_train=(151, 60, 95), y_train=(151,)
2026-04-21 04:50:23,570 - models.lstm - INFO - Starting LSTM training...
2026-04-21 04:50:32,431 - models.lstm - INFO - LSTM training completed.
2026-04-21 04:50:32,460 - models.lstm - INFO - Saved LSTM model to /Users/amitkumar/Downloads/ai-trading-platform/models/saved_models/lstm_model.keras
2026-04-21 04:50:50,911 - models.lstm - INFO - Preparing data for LSTM...
2026-04-21 04:50:50,927 - models.lstm - INFO - Data shapes: X_train=(151, 60, 95), y_train=(151,)
2026-04-21 04:50:51,169 - models.lstm - INFO - Starting LSTM training...
2026-04-21 04:50:59,757 - models.lstm - INFO - LSTM training completed.
2026-04-21 04:50:59,810 - models.lstm - INFO - Saved LSTM model to /Users/amitkumar/Downloads/ai-trading-platform/models/saved_models/lstm_model.keras
2026-04-21 04:51:15,521 - models.lstm - INFO - Preparing data for LSTM...
2026-04-21 04:51:15,528 - models.lstm - INFO - Data shapes: X_train=(151, 60, 95), y_train=(151,)
2026-04-21 04:51:15,684 - models.lstm - INFO - Starting LSTM training...
2026-04-21 04:51:24,237 - models.lstm - INFO - LSTM training completed.
2026-04-21 04:51:24,281 - models.lstm - INFO - Saved LSTM model to /Users/amitkumar/Downloads/ai-trading-platform/models/saved_models/lstm_model.keras
2026-04-21 04:51:41,050 - models.lstm - INFO - Preparing data for LSTM...
2026-04-21 04:51:41,055 - models.lstm - INFO - Data shapes: X_train=(151, 60, 95), y_train=(151,)
2026-04-21 04:51:41,206 - models.lstm - INFO - Starting LSTM training...
2026-04-21 04:51:50,560 - models.lstm - INFO - LSTM training completed.
2026-04-21 04:51:50,624 - models.lstm - INFO - Saved LSTM model to /Users/amitkumar/Downloads/ai-trading-platform/models/saved_models/lstm_model.keras
2026-04-21 04:52:08,289 - models.lstm - INFO - Preparing data for LSTM...
2026-04-21 04:52:08,299 - models.lstm - INFO - Data shapes: X_train=(151, 60, 95), y_train=(151,)
2026-04-21 04:52:08,480 - models.lstm - INFO - Starting LSTM training...
2026-04-21 04:52:17,151 - models.lstm - INFO - LSTM training completed.
2026-04-21 04:52:17,191 - models.lstm - INFO - Saved LSTM model to /Users/amitkumar/Downloads/ai-trading-platform/models/saved_models/lstm_model.keras
